<?xml version="1.0" encoding="UTF-8"?>
<!-- Generated by org.testng.reporters.JUnitReportReporter -->
<testsuite skipped="0" hostname="SHMITTAL-W7-4" name="functional.DeleteCreatedComputer" tests="2" failures="0" timestamp="20 Jun 2018 15:39:13 GMT" time="13.502" errors="0">
  <testcase name="verifyComputerDeletionWithAllValidDetails" time="5.127" classname="functional.DeleteCreatedComputer"/>
  <testcase name="verifyComputerCreationWithDuplicateName" time="8.375" classname="functional.DeleteCreatedComputer"/>
</testsuite> <!-- functional.DeleteCreatedComputer -->
