<?xml version="1.0" encoding="UTF-8"?>
<!-- Generated by org.testng.reporters.JUnitReportReporter -->
<testsuite skipped="0" hostname="SHMITTAL-W7-4" name="functional.UpdateCreatedComputer" tests="7" failures="0" timestamp="20 Jun 2018 15:57:05 GMT" time="50.692" errors="0">
  <testcase name="updateComputerWithBlankName" time="5.519" classname="functional.UpdateCreatedComputer"/>
  <testcase name="updateComputerWithoutChanges" time="5.927" classname="functional.UpdateCreatedComputer"/>
  <testcase name="updateComputerWithNewName" time="6.051" classname="functional.UpdateCreatedComputer"/>
  <testcase name="updateComputerAddAllDetails" time="9.087" classname="functional.UpdateCreatedComputer"/>
  <testcase name="updateComputerRemoveCompanyAndDates" time="8.177" classname="functional.UpdateCreatedComputer"/>
  <testcase name="updateComputerWithDuplicateName" time="8.843" classname="functional.UpdateCreatedComputer"/>
  <testcase name="updateComputerModifyAllDetails" time="7.088" classname="functional.UpdateCreatedComputer"/>
</testsuite> <!-- functional.UpdateCreatedComputer -->
