<?xml version="1.0" encoding="UTF-8"?>
<!-- Generated by org.testng.reporters.JUnitReportReporter -->
<testsuite skipped="0" hostname="SHMITTAL-W7-4" name="functional.CreateComputer" tests="14" failures="0" timestamp="20 Jun 2018 15:39:13 GMT" time="50.552" errors="0">
  <testcase name="verifyComputerCreationWithLastCompanyInList" time="3.962" classname="functional.CreateComputer"/>
  <testcase name="verifyComputerCreationWithAllValidDetails" time="4.378" classname="functional.CreateComputer"/>
  <testcase name="verifyInvalidDateInDiscontinuedDateIsNotAccepted" time="2.879" classname="functional.CreateComputer"/>
  <testcase name="verifyComputerIntroducedDateCanBeAfterDiscontinuedDate" time="4.049" classname="functional.CreateComputer"/>
  <testcase name="verifyInvalidDateInIntroducedDateIsNotAccepted" time="3.572" classname="functional.CreateComputer"/>
  <testcase name="verifyComputerNameIsMandatory" time="1.468" classname="functional.CreateComputer"/>
  <testcase name="verifyValidDateFormatesAreAccepted" time="4.093" classname="functional.CreateComputer"/>
  <testcase name="verifyValidDateFormate" time="3.684" classname="functional.CreateComputer"/>
  <testcase name="verifyStaticContent" time="1.261" classname="functional.CreateComputer"/>
  <testcase name="verifyComputerCreationWithDuplicateName" time="6.825" classname="functional.CreateComputer"/>
  <testcase name="verifyInvalidDateFormateInIntroducedDateIsNotAccepted" time="2.727" classname="functional.CreateComputer"/>
  <testcase name="verifyComputerIntroducedDateCanBeSameAsDiscontinuedDate" time="5.218" classname="functional.CreateComputer"/>
  <testcase name="verifyInvalidDateFormateInDiscontinuedDateIsNotAccepted" time="2.789" classname="functional.CreateComputer"/>
  <testcase name="verifyOnlyComputerNameIsMandatory" time="3.647" classname="functional.CreateComputer"/>
</testsuite> <!-- functional.CreateComputer -->
